[debug] [2020-08-20T11:18:56.347Z] ----------------------------------------------------------------------
[debug] [2020-08-20T11:18:56.349Z] Command:       C:\Program Files\nodejs\node.exe C:\Users\samda\AppData\Roaming\npm\node_modules\firebase-tools\lib\bin\firebase.js deploy
[debug] [2020-08-20T11:18:56.349Z] CLI Version:   8.6.0
[debug] [2020-08-20T11:18:56.349Z] Platform:      win32
[debug] [2020-08-20T11:18:56.349Z] Node Version:  v12.18.0
[debug] [2020-08-20T11:18:56.350Z] Time:          Thu Aug 20 2020 12:18:56 GMT+0100 (Irish Standard Time)
[debug] [2020-08-20T11:18:56.350Z] ----------------------------------------------------------------------
[debug] [2020-08-20T11:18:56.350Z] 
[debug] [2020-08-20T11:18:56.357Z] > command requires scopes: ["email","openid","https://www.googleapis.com/auth/cloudplatformprojects.readonly","https://www.googleapis.com/auth/firebase","https://www.googleapis.com/auth/cloud-platform"]
[debug] [2020-08-20T11:18:56.357Z] > authorizing via signed-in user
[debug] [2020-08-20T11:18:56.357Z] [iam] checking project react-open-weather-app for permissions ["firebase.projects.get","firebasehosting.sites.update"]
[debug] [2020-08-20T11:18:56.359Z] >>> HTTP REQUEST POST https://cloudresourcemanager.googleapis.com/v1/projects/react-open-weather-app:testIamPermissions  
 {"permissions":["firebase.projects.get","firebasehosting.sites.update"]}
[debug] [2020-08-20T11:18:57.241Z] <<< HTTP RESPONSE 200 {"content-type":"application/json; charset=UTF-8","vary":"X-Origin, Referer, Origin,Accept-Encoding","date":"Thu, 20 Aug 2020 11:18:57 GMT","server":"ESF","cache-control":"private","x-xss-protection":"0","x-frame-options":"SAMEORIGIN","x-content-type-options":"nosniff","server-timing":"gfet4t7; dur=603","alt-svc":"h3-29=\":443\"; ma=2592000,h3-27=\":443\"; ma=2592000,h3-T050=\":443\"; ma=2592000,h3-Q050=\":443\"; ma=2592000,h3-Q046=\":443\"; ma=2592000,h3-Q043=\":443\"; ma=2592000,quic=\":443\"; ma=2592000; v=\"46,43\"","accept-ranges":"none","transfer-encoding":"chunked"}
[debug] [2020-08-20T11:18:57.242Z] >>> HTTP REQUEST GET https://firebase.googleapis.com/v1beta1/projects/react-open-weather-app  
 
[debug] [2020-08-20T11:18:57.542Z] <<< HTTP RESPONSE 200 {"content-type":"application/json; charset=UTF-8","vary":"X-Origin, Referer, Origin,Accept-Encoding","date":"Thu, 20 Aug 2020 11:18:57 GMT","server":"ESF","cache-control":"private","x-xss-protection":"0","x-frame-options":"SAMEORIGIN","x-content-type-options":"nosniff","alt-svc":"h3-29=\":443\"; ma=2592000,h3-27=\":443\"; ma=2592000,h3-T050=\":443\"; ma=2592000,h3-Q050=\":443\"; ma=2592000,h3-Q046=\":443\"; ma=2592000,h3-Q043=\":443\"; ma=2592000,quic=\":443\"; ma=2592000; v=\"46,43\"","accept-ranges":"none","transfer-encoding":"chunked"}
[info] 
[info] === Deploying to 'react-open-weather-app'...
[info] 
[info] i  deploying hosting 
[debug] [2020-08-20T11:18:57.551Z] >>> HTTP REQUEST POST https://firebasehosting.googleapis.com/v1beta1/sites/react-open-weather-app/versions  
 {"config":{"rewrites":[{"glob":"**","path":"/index.html"}]},"labels":{"deployment-tool":"cli-firebase"}}
